Copyright 1986-2022 Xilinx, Inc. All Rights Reserved. Copyright 2022-2025 Advanced Micro Devices, Inc. All Rights Reserved.
------------------------------------------------------------------------------------------------------------------------------------------------------------------------------------------------------------------------------------------------------
| Tool Version : Vivado v.2025.2 (win64) Build 6299465 Fri Nov 14 19:35:11 GMT 2025
| Date         : Tue Mar 10 12:29:47 2026
| Host         : JKB_LENOVO running 64-bit major release  (build 9200)
| Command      : report_timing_summary -max_paths 10 -routable_nets -report_unconstrained -file clockDividerHB_timing_summary_routed.rpt -pb clockDividerHB_timing_summary_routed.pb -rpx clockDividerHB_timing_summary_routed.rpx -warn_on_violation
| Design       : clockDividerHB
| Device       : 7z020-clg400
| Speed File   : -1  PRODUCTION 1.12 2019-11-22
| Design State : Routed
------------------------------------------------------------------------------------------------------------------------------------------------------------------------------------------------------------------------------------------------------

Timing Summary Report

------------------------------------------------------------------------------------------------
| Timer Settings
| --------------
------------------------------------------------------------------------------------------------

  Enable Multi Corner Analysis               :  Yes
  Enable Pessimism Removal                   :  Yes
  Pessimism Removal Resolution               :  Nearest Common Node
  Enable Input Delay Default Clock           :  No
  Enable Preset / Clear Arcs                 :  No
  Disable Flight Delays                      :  No
  Ignore I/O Paths                           :  No
  Timing Early Launch at Borrowing Latches   :  No
  Borrow Time for Max Delay Exceptions       :  Yes
  Merge Timing Exceptions                    :  Yes
  Inter-SLR Compensation                     :  Conservative

  Corner  Analyze    Analyze    
  Name    Max Paths  Min Paths  
  ------  ---------  ---------  
  Slow    Yes        Yes        
  Fast    Yes        Yes        


------------------------------------------------------------------------------------------------
| Report Methodology
| ------------------
------------------------------------------------------------------------------------------------

Rule       Severity          Description                  Violations  
---------  ----------------  ---------------------------  ----------  
TIMING-17  Critical Warning  Non-clocked sequential cell  27          

Note: This report is based on the most recent report_methodology run and may not be up-to-date. Run report_methodology on the current design for the latest report.



check_timing report

Table of Contents
-----------------
1. checking no_clock (27)
2. checking constant_clock (0)
3. checking pulse_width_clock (0)
4. checking unconstrained_internal_endpoints (79)
5. checking no_input_delay (2)
6. checking no_output_delay (2)
7. checking multiple_clock (0)
8. checking generated_clocks (0)
9. checking loops (0)
10. checking partial_input_delay (0)
11. checking partial_output_delay (0)
12. checking latch_loops (0)

1. checking no_clock (27)
-------------------------
 There are 27 register/latch pins with no clock driven by root clock pin: clk (HIGH)


2. checking constant_clock (0)
------------------------------
 There are 0 register/latch pins with constant_clock.


3. checking pulse_width_clock (0)
---------------------------------
 There are 0 register/latch pins which need pulse_width check


4. checking unconstrained_internal_endpoints (79)
-------------------------------------------------
 There are 79 pins that are not constrained for maximum delay. (HIGH)

 There are 0 pins that are not constrained for maximum delay due to constant clock.


5. checking no_input_delay (2)
------------------------------
 There are 2 input ports with no input delay specified. (HIGH)

 There are 0 input ports with no input delay but user has a false path constraint.


6. checking no_output_delay (2)
-------------------------------
 There are 2 ports with no output delay specified. (HIGH)

 There are 0 ports with no output delay but user has a false path constraint

 There are 0 ports with no output delay but with a timing clock defined on it or propagating through it


7. checking multiple_clock (0)
------------------------------
 There are 0 register/latch pins with multiple clocks.


8. checking generated_clocks (0)
--------------------------------
 There are 0 generated clocks that are not connected to a clock source.


9. checking loops (0)
---------------------
 There are 0 combinational loops in the design.


10. checking partial_input_delay (0)
------------------------------------
 There are 0 input ports with partial input delay specified.


11. checking partial_output_delay (0)
-------------------------------------
 There are 0 ports with partial output delay specified.


12. checking latch_loops (0)
----------------------------
 There are 0 combinational latch loops in the design through latch input



------------------------------------------------------------------------------------------------
| Design Timing Summary
| ---------------------
------------------------------------------------------------------------------------------------

    WNS(ns)      TNS(ns)  TNS Failing Endpoints  TNS Total Endpoints      WHS(ns)      THS(ns)  THS Failing Endpoints  THS Total Endpoints     WPWS(ns)     TPWS(ns)  TPWS Failing Endpoints  TPWS Total Endpoints  
    -------      -------  ---------------------  -------------------      -------      -------  ---------------------  -------------------     --------     --------  ----------------------  --------------------  
        inf        0.000                      0                   81          inf        0.000                      0                   81           NA           NA                      NA                    NA  


There are no user specified timing constraints.


------------------------------------------------------------------------------------------------
| Clock Summary
| -------------
------------------------------------------------------------------------------------------------


------------------------------------------------------------------------------------------------
| Intra Clock Table
| -----------------
------------------------------------------------------------------------------------------------

Clock             WNS(ns)      TNS(ns)  TNS Failing Endpoints  TNS Total Endpoints      WHS(ns)      THS(ns)  THS Failing Endpoints  THS Total Endpoints     WPWS(ns)     TPWS(ns)  TPWS Failing Endpoints  TPWS Total Endpoints  
-----             -------      -------  ---------------------  -------------------      -------      -------  ---------------------  -------------------     --------     --------  ----------------------  --------------------  


------------------------------------------------------------------------------------------------
| Inter Clock Table
| -----------------
------------------------------------------------------------------------------------------------

From Clock    To Clock          WNS(ns)      TNS(ns)  TNS Failing Endpoints  TNS Total Endpoints      WHS(ns)      THS(ns)  THS Failing Endpoints  THS Total Endpoints  
----------    --------          -------      -------  ---------------------  -------------------      -------      -------  ---------------------  -------------------  


------------------------------------------------------------------------------------------------
| Other Path Groups Table
| -----------------------
------------------------------------------------------------------------------------------------

Path Group    From Clock    To Clock          WNS(ns)      TNS(ns)  TNS Failing Endpoints  TNS Total Endpoints      WHS(ns)      THS(ns)  THS Failing Endpoints  THS Total Endpoints  
----------    ----------    --------          -------      -------  ---------------------  -------------------      -------      -------  ---------------------  -------------------  


------------------------------------------------------------------------------------------------
| User Ignored Path Table
| -----------------------
------------------------------------------------------------------------------------------------

Path Group    From Clock    To Clock    
----------    ----------    --------    


------------------------------------------------------------------------------------------------
| Unconstrained Path Table
| ------------------------
------------------------------------------------------------------------------------------------

Path Group    From Clock    To Clock    
----------    ----------    --------    
(none)                                    


------------------------------------------------------------------------------------------------
| Timing Details
| --------------
------------------------------------------------------------------------------------------------


--------------------------------------------------------------------------------------
Path Group:  (none)
From Clock:  
  To Clock:  

Max Delay            81 Endpoints
Min Delay            81 Endpoints
--------------------------------------------------------------------------------------


Max Delay Paths
--------------------------------------------------------------------------------------
Slack:                    inf
  Source:                 counter_reg[12]/C
                            (rising edge-triggered cell FDRE)
  Destination:            beat
                            (output port)
  Path Group:             (none)
  Path Type:              Max at Slow Process Corner
  Data Path Delay:        9.442ns  (logic 4.745ns (50.253%)  route 4.697ns (49.747%))
  Logic Levels:           5  (FDRE=1 LUT3=1 LUT6=2 OBUF=1)

    Location             Delay type                Incr(ns)  Path(ns)    Netlist Resource(s)
  -------------------------------------------------------------------    -------------------
    SLICE_X112Y107       FDRE                         0.000     0.000 r  counter_reg[12]/C
    SLICE_X112Y107       FDRE (Prop_fdre_C_Q)         0.518     0.518 f  counter_reg[12]/Q
                         net (fo=3, routed)           0.829     1.347    counter_reg[12]
    SLICE_X113Y107       LUT3 (Prop_lut3_I1_O)        0.152     1.499 f  beat_OBUF_inst_i_7/O
                         net (fo=1, routed)           0.793     2.292    beat_OBUF_inst_i_7_n_0
    SLICE_X113Y106       LUT6 (Prop_lut6_I1_O)        0.326     2.618 f  beat_OBUF_inst_i_2/O
                         net (fo=3, routed)           0.808     3.426    beat_OBUF_inst_i_2_n_0
    SLICE_X113Y108       LUT6 (Prop_lut6_I0_O)        0.124     3.550 r  beat_OBUF_inst_i_1/O
                         net (fo=1, routed)           2.267     5.817    beat_OBUF
    V13                  OBUF (Prop_obuf_I_O)         3.625     9.442 r  beat_OBUF_inst/O
                         net (fo=0)                   0.000     9.442    beat
    V13                                                               r  beat (OUT)
  -------------------------------------------------------------------    -------------------

Slack:                    inf
  Source:                 dividedClk_reg/C
                            (rising edge-triggered cell FDRE)
  Destination:            dividedClk
                            (output port)
  Path Group:             (none)
  Path Type:              Max at Slow Process Corner
  Data Path Delay:        6.206ns  (logic 4.057ns (65.373%)  route 2.149ns (34.627%))
  Logic Levels:           2  (FDRE=1 OBUF=1)

    Location             Delay type                Incr(ns)  Path(ns)    Netlist Resource(s)
  -------------------------------------------------------------------    -------------------
    SLICE_X113Y109       FDRE                         0.000     0.000 r  dividedClk_reg/C
    SLICE_X113Y109       FDRE (Prop_fdre_C_Q)         0.456     0.456 r  dividedClk_reg/Q
                         net (fo=3, routed)           2.149     2.605    dividedClk_OBUF
    V12                  OBUF (Prop_obuf_I_O)         3.601     6.206 r  dividedClk_OBUF_inst/O
                         net (fo=0)                   0.000     6.206    dividedClk
    V12                                                               r  dividedClk (OUT)
  -------------------------------------------------------------------    -------------------

Slack:                    inf
  Source:                 counter_reg[12]/C
                            (rising edge-triggered cell FDRE)
  Destination:            counter_reg[0]/R
  Path Group:             (none)
  Path Type:              Max at Slow Process Corner
  Data Path Delay:        4.260ns  (logic 1.120ns (26.291%)  route 3.140ns (73.709%))
  Logic Levels:           4  (FDRE=1 LUT3=1 LUT6=2)

    Location             Delay type                Incr(ns)  Path(ns)    Netlist Resource(s)
  -------------------------------------------------------------------    -------------------
    SLICE_X112Y107       FDRE                         0.000     0.000 r  counter_reg[12]/C
    SLICE_X112Y107       FDRE (Prop_fdre_C_Q)         0.518     0.518 r  counter_reg[12]/Q
                         net (fo=3, routed)           0.829     1.347    counter_reg[12]
    SLICE_X113Y107       LUT3 (Prop_lut3_I1_O)        0.152     1.499 r  beat_OBUF_inst_i_7/O
                         net (fo=1, routed)           0.793     2.292    beat_OBUF_inst_i_7_n_0
    SLICE_X113Y106       LUT6 (Prop_lut6_I1_O)        0.326     2.618 r  beat_OBUF_inst_i_2/O
                         net (fo=3, routed)           0.704     3.322    beat_OBUF_inst_i_2_n_0
    SLICE_X113Y109       LUT6 (Prop_lut6_I5_O)        0.124     3.446 r  counter[0]_i_1/O
                         net (fo=26, routed)          0.814     4.260    counter[0]_i_1_n_0
    SLICE_X112Y104       FDRE                                         r  counter_reg[0]/R
  -------------------------------------------------------------------    -------------------

Slack:                    inf
  Source:                 counter_reg[12]/C
                            (rising edge-triggered cell FDRE)
  Destination:            counter_reg[1]/R
  Path Group:             (none)
  Path Type:              Max at Slow Process Corner
  Data Path Delay:        4.260ns  (logic 1.120ns (26.291%)  route 3.140ns (73.709%))
  Logic Levels:           4  (FDRE=1 LUT3=1 LUT6=2)

    Location             Delay type                Incr(ns)  Path(ns)    Netlist Resource(s)
  -------------------------------------------------------------------    -------------------
    SLICE_X112Y107       FDRE                         0.000     0.000 r  counter_reg[12]/C
    SLICE_X112Y107       FDRE (Prop_fdre_C_Q)         0.518     0.518 r  counter_reg[12]/Q
                         net (fo=3, routed)           0.829     1.347    counter_reg[12]
    SLICE_X113Y107       LUT3 (Prop_lut3_I1_O)        0.152     1.499 r  beat_OBUF_inst_i_7/O
                         net (fo=1, routed)           0.793     2.292    beat_OBUF_inst_i_7_n_0
    SLICE_X113Y106       LUT6 (Prop_lut6_I1_O)        0.326     2.618 r  beat_OBUF_inst_i_2/O
                         net (fo=3, routed)           0.704     3.322    beat_OBUF_inst_i_2_n_0
    SLICE_X113Y109       LUT6 (Prop_lut6_I5_O)        0.124     3.446 r  counter[0]_i_1/O
                         net (fo=26, routed)          0.814     4.260    counter[0]_i_1_n_0
    SLICE_X112Y104       FDRE                                         r  counter_reg[1]/R
  -------------------------------------------------------------------    -------------------

Slack:                    inf
  Source:                 counter_reg[12]/C
                            (rising edge-triggered cell FDRE)
  Destination:            counter_reg[2]/R
  Path Group:             (none)
  Path Type:              Max at Slow Process Corner
  Data Path Delay:        4.260ns  (logic 1.120ns (26.291%)  route 3.140ns (73.709%))
  Logic Levels:           4  (FDRE=1 LUT3=1 LUT6=2)

    Location             Delay type                Incr(ns)  Path(ns)    Netlist Resource(s)
  -------------------------------------------------------------------    -------------------
    SLICE_X112Y107       FDRE                         0.000     0.000 r  counter_reg[12]/C
    SLICE_X112Y107       FDRE (Prop_fdre_C_Q)         0.518     0.518 r  counter_reg[12]/Q
                         net (fo=3, routed)           0.829     1.347    counter_reg[12]
    SLICE_X113Y107       LUT3 (Prop_lut3_I1_O)        0.152     1.499 r  beat_OBUF_inst_i_7/O
                         net (fo=1, routed)           0.793     2.292    beat_OBUF_inst_i_7_n_0
    SLICE_X113Y106       LUT6 (Prop_lut6_I1_O)        0.326     2.618 r  beat_OBUF_inst_i_2/O
                         net (fo=3, routed)           0.704     3.322    beat_OBUF_inst_i_2_n_0
    SLICE_X113Y109       LUT6 (Prop_lut6_I5_O)        0.124     3.446 r  counter[0]_i_1/O
                         net (fo=26, routed)          0.814     4.260    counter[0]_i_1_n_0
    SLICE_X112Y104       FDRE                                         r  counter_reg[2]/R
  -------------------------------------------------------------------    -------------------

Slack:                    inf
  Source:                 counter_reg[12]/C
                            (rising edge-triggered cell FDRE)
  Destination:            counter_reg[3]/R
  Path Group:             (none)
  Path Type:              Max at Slow Process Corner
  Data Path Delay:        4.260ns  (logic 1.120ns (26.291%)  route 3.140ns (73.709%))
  Logic Levels:           4  (FDRE=1 LUT3=1 LUT6=2)

    Location             Delay type                Incr(ns)  Path(ns)    Netlist Resource(s)
  -------------------------------------------------------------------    -------------------
    SLICE_X112Y107       FDRE                         0.000     0.000 r  counter_reg[12]/C
    SLICE_X112Y107       FDRE (Prop_fdre_C_Q)         0.518     0.518 r  counter_reg[12]/Q
                         net (fo=3, routed)           0.829     1.347    counter_reg[12]
    SLICE_X113Y107       LUT3 (Prop_lut3_I1_O)        0.152     1.499 r  beat_OBUF_inst_i_7/O
                         net (fo=1, routed)           0.793     2.292    beat_OBUF_inst_i_7_n_0
    SLICE_X113Y106       LUT6 (Prop_lut6_I1_O)        0.326     2.618 r  beat_OBUF_inst_i_2/O
                         net (fo=3, routed)           0.704     3.322    beat_OBUF_inst_i_2_n_0
    SLICE_X113Y109       LUT6 (Prop_lut6_I5_O)        0.124     3.446 r  counter[0]_i_1/O
                         net (fo=26, routed)          0.814     4.260    counter[0]_i_1_n_0
    SLICE_X112Y104       FDRE                                         r  counter_reg[3]/R
  -------------------------------------------------------------------    -------------------

Slack:                    inf
  Source:                 counter_reg[12]/C
                            (rising edge-triggered cell FDRE)
  Destination:            counter_reg[4]/R
  Path Group:             (none)
  Path Type:              Max at Slow Process Corner
  Data Path Delay:        4.168ns  (logic 1.120ns (26.872%)  route 3.048ns (73.128%))
  Logic Levels:           4  (FDRE=1 LUT3=1 LUT6=2)

    Location             Delay type                Incr(ns)  Path(ns)    Netlist Resource(s)
  -------------------------------------------------------------------    -------------------
    SLICE_X112Y107       FDRE                         0.000     0.000 r  counter_reg[12]/C
    SLICE_X112Y107       FDRE (Prop_fdre_C_Q)         0.518     0.518 r  counter_reg[12]/Q
                         net (fo=3, routed)           0.829     1.347    counter_reg[12]
    SLICE_X113Y107       LUT3 (Prop_lut3_I1_O)        0.152     1.499 r  beat_OBUF_inst_i_7/O
                         net (fo=1, routed)           0.793     2.292    beat_OBUF_inst_i_7_n_0
    SLICE_X113Y106       LUT6 (Prop_lut6_I1_O)        0.326     2.618 r  beat_OBUF_inst_i_2/O
                         net (fo=3, routed)           0.704     3.322    beat_OBUF_inst_i_2_n_0
    SLICE_X113Y109       LUT6 (Prop_lut6_I5_O)        0.124     3.446 r  counter[0]_i_1/O
                         net (fo=26, routed)          0.722     4.168    counter[0]_i_1_n_0
    SLICE_X112Y105       FDRE                                         r  counter_reg[4]/R
  -------------------------------------------------------------------    -------------------

Slack:                    inf
  Source:                 counter_reg[12]/C
                            (rising edge-triggered cell FDRE)
  Destination:            counter_reg[5]/R
  Path Group:             (none)
  Path Type:              Max at Slow Process Corner
  Data Path Delay:        4.168ns  (logic 1.120ns (26.872%)  route 3.048ns (73.128%))
  Logic Levels:           4  (FDRE=1 LUT3=1 LUT6=2)

    Location             Delay type                Incr(ns)  Path(ns)    Netlist Resource(s)
  -------------------------------------------------------------------    -------------------
    SLICE_X112Y107       FDRE                         0.000     0.000 r  counter_reg[12]/C
    SLICE_X112Y107       FDRE (Prop_fdre_C_Q)         0.518     0.518 r  counter_reg[12]/Q
                         net (fo=3, routed)           0.829     1.347    counter_reg[12]
    SLICE_X113Y107       LUT3 (Prop_lut3_I1_O)        0.152     1.499 r  beat_OBUF_inst_i_7/O
                         net (fo=1, routed)           0.793     2.292    beat_OBUF_inst_i_7_n_0
    SLICE_X113Y106       LUT6 (Prop_lut6_I1_O)        0.326     2.618 r  beat_OBUF_inst_i_2/O
                         net (fo=3, routed)           0.704     3.322    beat_OBUF_inst_i_2_n_0
    SLICE_X113Y109       LUT6 (Prop_lut6_I5_O)        0.124     3.446 r  counter[0]_i_1/O
                         net (fo=26, routed)          0.722     4.168    counter[0]_i_1_n_0
    SLICE_X112Y105       FDRE                                         r  counter_reg[5]/R
  -------------------------------------------------------------------    -------------------

Slack:                    inf
  Source:                 counter_reg[12]/C
                            (rising edge-triggered cell FDRE)
  Destination:            counter_reg[6]/R
  Path Group:             (none)
  Path Type:              Max at Slow Process Corner
  Data Path Delay:        4.168ns  (logic 1.120ns (26.872%)  route 3.048ns (73.128%))
  Logic Levels:           4  (FDRE=1 LUT3=1 LUT6=2)

    Location             Delay type                Incr(ns)  Path(ns)    Netlist Resource(s)
  -------------------------------------------------------------------    -------------------
    SLICE_X112Y107       FDRE                         0.000     0.000 r  counter_reg[12]/C
    SLICE_X112Y107       FDRE (Prop_fdre_C_Q)         0.518     0.518 r  counter_reg[12]/Q
                         net (fo=3, routed)           0.829     1.347    counter_reg[12]
    SLICE_X113Y107       LUT3 (Prop_lut3_I1_O)        0.152     1.499 r  beat_OBUF_inst_i_7/O
                         net (fo=1, routed)           0.793     2.292    beat_OBUF_inst_i_7_n_0
    SLICE_X113Y106       LUT6 (Prop_lut6_I1_O)        0.326     2.618 r  beat_OBUF_inst_i_2/O
                         net (fo=3, routed)           0.704     3.322    beat_OBUF_inst_i_2_n_0
    SLICE_X113Y109       LUT6 (Prop_lut6_I5_O)        0.124     3.446 r  counter[0]_i_1/O
                         net (fo=26, routed)          0.722     4.168    counter[0]_i_1_n_0
    SLICE_X112Y105       FDRE                                         r  counter_reg[6]/R
  -------------------------------------------------------------------    -------------------

Slack:                    inf
  Source:                 counter_reg[12]/C
                            (rising edge-triggered cell FDRE)
  Destination:            counter_reg[7]/R
  Path Group:             (none)
  Path Type:              Max at Slow Process Corner
  Data Path Delay:        4.168ns  (logic 1.120ns (26.872%)  route 3.048ns (73.128%))
  Logic Levels:           4  (FDRE=1 LUT3=1 LUT6=2)

    Location             Delay type                Incr(ns)  Path(ns)    Netlist Resource(s)
  -------------------------------------------------------------------    -------------------
    SLICE_X112Y107       FDRE                         0.000     0.000 r  counter_reg[12]/C
    SLICE_X112Y107       FDRE (Prop_fdre_C_Q)         0.518     0.518 r  counter_reg[12]/Q
                         net (fo=3, routed)           0.829     1.347    counter_reg[12]
    SLICE_X113Y107       LUT3 (Prop_lut3_I1_O)        0.152     1.499 r  beat_OBUF_inst_i_7/O
                         net (fo=1, routed)           0.793     2.292    beat_OBUF_inst_i_7_n_0
    SLICE_X113Y106       LUT6 (Prop_lut6_I1_O)        0.326     2.618 r  beat_OBUF_inst_i_2/O
                         net (fo=3, routed)           0.704     3.322    beat_OBUF_inst_i_2_n_0
    SLICE_X113Y109       LUT6 (Prop_lut6_I5_O)        0.124     3.446 r  counter[0]_i_1/O
                         net (fo=26, routed)          0.722     4.168    counter[0]_i_1_n_0
    SLICE_X112Y105       FDRE                                         r  counter_reg[7]/R
  -------------------------------------------------------------------    -------------------





Min Delay Paths
--------------------------------------------------------------------------------------
Slack:                    inf
  Source:                 counter_reg[2]/C
                            (rising edge-triggered cell FDRE)
  Destination:            counter_reg[2]/D
  Path Group:             (none)
  Path Type:              Min at Fast Process Corner
  Data Path Delay:        0.401ns  (logic 0.274ns (68.412%)  route 0.127ns (31.588%))
  Logic Levels:           2  (CARRY4=1 FDRE=1)

    Location             Delay type                Incr(ns)  Path(ns)    Netlist Resource(s)
  -------------------------------------------------------------------    -------------------
    SLICE_X112Y104       FDRE                         0.000     0.000 r  counter_reg[2]/C
    SLICE_X112Y104       FDRE (Prop_fdre_C_Q)         0.164     0.164 r  counter_reg[2]/Q
                         net (fo=2, routed)           0.127     0.291    counter_reg[2]
    SLICE_X112Y104       CARRY4 (Prop_carry4_S[2]_O[2])
                                                      0.110     0.401 r  counter_reg[0]_i_2/O[2]
                         net (fo=1, routed)           0.000     0.401    counter_reg[0]_i_2_n_5
    SLICE_X112Y104       FDRE                                         r  counter_reg[2]/D
  -------------------------------------------------------------------    -------------------

Slack:                    inf
  Source:                 counter_reg[14]/C
                            (rising edge-triggered cell FDRE)
  Destination:            counter_reg[14]/D
  Path Group:             (none)
  Path Type:              Min at Fast Process Corner
  Data Path Delay:        0.411ns  (logic 0.274ns (66.672%)  route 0.137ns (33.328%))
  Logic Levels:           2  (CARRY4=1 FDRE=1)

    Location             Delay type                Incr(ns)  Path(ns)    Netlist Resource(s)
  -------------------------------------------------------------------    -------------------
    SLICE_X112Y107       FDRE                         0.000     0.000 r  counter_reg[14]/C
    SLICE_X112Y107       FDRE (Prop_fdre_C_Q)         0.164     0.164 r  counter_reg[14]/Q
                         net (fo=3, routed)           0.137     0.301    counter_reg[14]
    SLICE_X112Y107       CARRY4 (Prop_carry4_S[2]_O[2])
                                                      0.110     0.411 r  counter_reg[12]_i_1/O[2]
                         net (fo=1, routed)           0.000     0.411    counter_reg[12]_i_1_n_5
    SLICE_X112Y107       FDRE                                         r  counter_reg[14]/D
  -------------------------------------------------------------------    -------------------

Slack:                    inf
  Source:                 counter_reg[6]/C
                            (rising edge-triggered cell FDRE)
  Destination:            counter_reg[6]/D
  Path Group:             (none)
  Path Type:              Min at Fast Process Corner
  Data Path Delay:        0.411ns  (logic 0.274ns (66.611%)  route 0.137ns (33.389%))
  Logic Levels:           2  (CARRY4=1 FDRE=1)

    Location             Delay type                Incr(ns)  Path(ns)    Netlist Resource(s)
  -------------------------------------------------------------------    -------------------
    SLICE_X112Y105       FDRE                         0.000     0.000 r  counter_reg[6]/C
    SLICE_X112Y105       FDRE (Prop_fdre_C_Q)         0.164     0.164 r  counter_reg[6]/Q
                         net (fo=3, routed)           0.137     0.301    counter_reg[6]
    SLICE_X112Y105       CARRY4 (Prop_carry4_S[2]_O[2])
                                                      0.110     0.411 r  counter_reg[4]_i_1/O[2]
                         net (fo=1, routed)           0.000     0.411    counter_reg[4]_i_1_n_5
    SLICE_X112Y105       FDRE                                         r  counter_reg[6]/D
  -------------------------------------------------------------------    -------------------

Slack:                    inf
  Source:                 counter_reg[18]/C
                            (rising edge-triggered cell FDRE)
  Destination:            counter_reg[18]/D
  Path Group:             (none)
  Path Type:              Min at Fast Process Corner
  Data Path Delay:        0.412ns  (logic 0.274ns (66.556%)  route 0.138ns (33.444%))
  Logic Levels:           2  (CARRY4=1 FDRE=1)

    Location             Delay type                Incr(ns)  Path(ns)    Netlist Resource(s)
  -------------------------------------------------------------------    -------------------
    SLICE_X112Y108       FDRE                         0.000     0.000 r  counter_reg[18]/C
    SLICE_X112Y108       FDRE (Prop_fdre_C_Q)         0.164     0.164 r  counter_reg[18]/Q
                         net (fo=3, routed)           0.138     0.302    counter_reg[18]
    SLICE_X112Y108       CARRY4 (Prop_carry4_S[2]_O[2])
                                                      0.110     0.412 r  counter_reg[16]_i_1/O[2]
                         net (fo=1, routed)           0.000     0.412    counter_reg[16]_i_1_n_5
    SLICE_X112Y108       FDRE                                         r  counter_reg[18]/D
  -------------------------------------------------------------------    -------------------

Slack:                    inf
  Source:                 counter_reg[10]/C
                            (rising edge-triggered cell FDRE)
  Destination:            counter_reg[10]/D
  Path Group:             (none)
  Path Type:              Min at Fast Process Corner
  Data Path Delay:        0.413ns  (logic 0.274ns (66.400%)  route 0.139ns (33.600%))
  Logic Levels:           2  (CARRY4=1 FDRE=1)

    Location             Delay type                Incr(ns)  Path(ns)    Netlist Resource(s)
  -------------------------------------------------------------------    -------------------
    SLICE_X112Y106       FDRE                         0.000     0.000 r  counter_reg[10]/C
    SLICE_X112Y106       FDRE (Prop_fdre_C_Q)         0.164     0.164 r  counter_reg[10]/Q
                         net (fo=3, routed)           0.139     0.303    counter_reg[10]
    SLICE_X112Y106       CARRY4 (Prop_carry4_S[2]_O[2])
                                                      0.110     0.413 r  counter_reg[8]_i_1/O[2]
                         net (fo=1, routed)           0.000     0.413    counter_reg[8]_i_1_n_5
    SLICE_X112Y106       FDRE                                         r  counter_reg[10]/D
  -------------------------------------------------------------------    -------------------

Slack:                    inf
  Source:                 counter_reg[22]/C
                            (rising edge-triggered cell FDRE)
  Destination:            counter_reg[22]/D
  Path Group:             (none)
  Path Type:              Min at Fast Process Corner
  Data Path Delay:        0.423ns  (logic 0.274ns (64.760%)  route 0.149ns (35.240%))
  Logic Levels:           2  (CARRY4=1 FDRE=1)

    Location             Delay type                Incr(ns)  Path(ns)    Netlist Resource(s)
  -------------------------------------------------------------------    -------------------
    SLICE_X112Y109       FDRE                         0.000     0.000 r  counter_reg[22]/C
    SLICE_X112Y109       FDRE (Prop_fdre_C_Q)         0.164     0.164 r  counter_reg[22]/Q
                         net (fo=4, routed)           0.149     0.313    counter_reg[22]
    SLICE_X112Y109       CARRY4 (Prop_carry4_S[2]_O[2])
                                                      0.110     0.423 r  counter_reg[20]_i_1/O[2]
                         net (fo=1, routed)           0.000     0.423    counter_reg[20]_i_1_n_5
    SLICE_X112Y109       FDRE                                         r  counter_reg[22]/D
  -------------------------------------------------------------------    -------------------

Slack:                    inf
  Source:                 dividedClk_reg/C
                            (rising edge-triggered cell FDRE)
  Destination:            dividedClk_reg/D
  Path Group:             (none)
  Path Type:              Min at Fast Process Corner
  Data Path Delay:        0.432ns  (logic 0.186ns (43.095%)  route 0.246ns (56.905%))
  Logic Levels:           2  (FDRE=1 LUT6=1)

    Location             Delay type                Incr(ns)  Path(ns)    Netlist Resource(s)
  -------------------------------------------------------------------    -------------------
    SLICE_X113Y109       FDRE                         0.000     0.000 r  dividedClk_reg/C
    SLICE_X113Y109       FDRE (Prop_fdre_C_Q)         0.141     0.141 r  dividedClk_reg/Q
                         net (fo=3, routed)           0.246     0.387    dividedClk_OBUF
    SLICE_X113Y109       LUT6 (Prop_lut6_I0_O)        0.045     0.432 r  dividedClk_i_1/O
                         net (fo=1, routed)           0.000     0.432    dividedClk_i_1_n_0
    SLICE_X113Y109       FDRE                                         r  dividedClk_reg/D
  -------------------------------------------------------------------    -------------------

Slack:                    inf
  Source:                 counter_reg[2]/C
                            (rising edge-triggered cell FDRE)
  Destination:            counter_reg[3]/D
  Path Group:             (none)
  Path Type:              Min at Fast Process Corner
  Data Path Delay:        0.437ns  (logic 0.310ns (71.017%)  route 0.127ns (28.983%))
  Logic Levels:           2  (CARRY4=1 FDRE=1)

    Location             Delay type                Incr(ns)  Path(ns)    Netlist Resource(s)
  -------------------------------------------------------------------    -------------------
    SLICE_X112Y104       FDRE                         0.000     0.000 r  counter_reg[2]/C
    SLICE_X112Y104       FDRE (Prop_fdre_C_Q)         0.164     0.164 r  counter_reg[2]/Q
                         net (fo=2, routed)           0.127     0.291    counter_reg[2]
    SLICE_X112Y104       CARRY4 (Prop_carry4_S[2]_O[3])
                                                      0.146     0.437 r  counter_reg[0]_i_2/O[3]
                         net (fo=1, routed)           0.000     0.437    counter_reg[0]_i_2_n_4
    SLICE_X112Y104       FDRE                                         r  counter_reg[3]/D
  -------------------------------------------------------------------    -------------------

Slack:                    inf
  Source:                 counter_reg[14]/C
                            (rising edge-triggered cell FDRE)
  Destination:            counter_reg[15]/D
  Path Group:             (none)
  Path Type:              Min at Fast Process Corner
  Data Path Delay:        0.447ns  (logic 0.310ns (69.357%)  route 0.137ns (30.643%))
  Logic Levels:           2  (CARRY4=1 FDRE=1)

    Location             Delay type                Incr(ns)  Path(ns)    Netlist Resource(s)
  -------------------------------------------------------------------    -------------------
    SLICE_X112Y107       FDRE                         0.000     0.000 r  counter_reg[14]/C
    SLICE_X112Y107       FDRE (Prop_fdre_C_Q)         0.164     0.164 r  counter_reg[14]/Q
                         net (fo=3, routed)           0.137     0.301    counter_reg[14]
    SLICE_X112Y107       CARRY4 (Prop_carry4_S[2]_O[3])
                                                      0.146     0.447 r  counter_reg[12]_i_1/O[3]
                         net (fo=1, routed)           0.000     0.447    counter_reg[12]_i_1_n_4
    SLICE_X112Y107       FDRE                                         r  counter_reg[15]/D
  -------------------------------------------------------------------    -------------------

Slack:                    inf
  Source:                 counter_reg[6]/C
                            (rising edge-triggered cell FDRE)
  Destination:            counter_reg[7]/D
  Path Group:             (none)
  Path Type:              Min at Fast Process Corner
  Data Path Delay:        0.447ns  (logic 0.310ns (69.298%)  route 0.137ns (30.702%))
  Logic Levels:           2  (CARRY4=1 FDRE=1)

    Location             Delay type                Incr(ns)  Path(ns)    Netlist Resource(s)
  -------------------------------------------------------------------    -------------------
    SLICE_X112Y105       FDRE                         0.000     0.000 r  counter_reg[6]/C
    SLICE_X112Y105       FDRE (Prop_fdre_C_Q)         0.164     0.164 r  counter_reg[6]/Q
                         net (fo=3, routed)           0.137     0.301    counter_reg[6]
    SLICE_X112Y105       CARRY4 (Prop_carry4_S[2]_O[3])
                                                      0.146     0.447 r  counter_reg[4]_i_1/O[3]
                         net (fo=1, routed)           0.000     0.447    counter_reg[4]_i_1_n_4
    SLICE_X112Y105       FDRE                                         r  counter_reg[7]/D
  -------------------------------------------------------------------    -------------------





