Copyright 1986-2022 Xilinx, Inc. All Rights Reserved. Copyright 2022-2025 Advanced Micro Devices, Inc. All Rights Reserved.
---------------------------------------------------------------------------------------------------------------------------------------------
| Tool Version : Vivado v.2025.2 (win64) Build 6299465 Fri Nov 14 19:35:11 GMT 2025
| Date         : Tue Mar 24 11:16:03 2026
| Host         : JKB_LENOVO running 64-bit major release  (build 9200)
| Command      : report_control_sets -verbose -file MicrowaveFSM_control_sets_placed.rpt
| Design       : MicrowaveFSM
| Device       : xc7z020
---------------------------------------------------------------------------------------------------------------------------------------------

Control Set Information

Table of Contents
-----------------
1. Summary
2. Histogram
3. Flip-Flop Distribution
4. Detailed Control Set Information

1. Summary
----------

+----------------------------------------------------------+-------+
|                          Status                          | Count |
+----------------------------------------------------------+-------+
| Total control sets                                       |     6 |
|    Minimum number of control sets                        |     6 |
|    Addition due to synthesis replication                 |     0 |
|    Addition due to physical synthesis replication        |     0 |
| Unused register locations in slices containing registers |    20 |
+----------------------------------------------------------+-------+
* Control sets can be merged at opt_design using control_set_merge or merge_equivalent_drivers
** Run report_qor_suggestions for automated merging and remapping suggestions


2. Histogram
------------

+--------------------+-------+
|       Fanout       | Count |
+--------------------+-------+
| Total control sets |     6 |
| >= 0 to < 4        |     1 |
| >= 4 to < 6        |     2 |
| >= 6 to < 8        |     1 |
| >= 8 to < 10       |     0 |
| >= 10 to < 12      |     0 |
| >= 12 to < 14      |     1 |
| >= 14 to < 16      |     0 |
| >= 16              |     1 |
+--------------------+-------+
* Control sets can be remapped at either synth_design or opt_design


3. Flip-Flop Distribution
-------------------------

+--------------+-----------------------+------------------------+-----------------+--------------+
| Clock Enable | Synchronous Set/Reset | Asynchronous Set/Reset | Total Registers | Total Slices |
+--------------+-----------------------+------------------------+-----------------+--------------+
| No           | No                    | No                     |               7 |            4 |
| No           | No                    | Yes                    |               0 |            0 |
| No           | Yes                   | No                     |              13 |            4 |
| Yes          | No                    | No                     |               5 |            2 |
| Yes          | No                    | Yes                    |               0 |            0 |
| Yes          | Yes                   | No                     |              27 |            8 |
+--------------+-----------------------+------------------------+-----------------+--------------+


4. Detailed Control Set Information
-----------------------------------

+----------------+-------------------------------------+------------------------------------+------------------+----------------+--------------+
|  Clock Signal  |            Enable Signal            |          Set/Reset Signal          | Slice Load Count | Bel Load Count | Bels / Slice |
+----------------+-------------------------------------+------------------------------------+------------------+----------------+--------------+
|  clk_IBUF_BUFG | db/hb_instt/E[0]                    |                                    |                1 |              1 |         1.00 |
|  clk_IBUF_BUFG | mic_fsm/hb_inst/dividedClk_reg_0[0] | reset_IBUF                         |                2 |              4 |         2.00 |
|  clk_IBUF_BUFG | mic_fsm/hb_inst/E[0]                |                                    |                1 |              4 |         4.00 |
|  clk_IBUF_BUFG |                                     |                                    |                4 |              7 |         1.75 |
|  clk_IBUF_BUFG |                                     | db/hb_instt/counter[0]_i_1__0_n_0  |                4 |             13 |         3.25 |
|  clk_IBUF_BUFG | mic_fsm/state[1]                    | mic_fsm/hb_inst/counter[0]_i_1_n_0 |                6 |             23 |         3.83 |
+----------------+-------------------------------------+------------------------------------+------------------+----------------+--------------+


